<?xml version="1.0" encoding="UTF-8"?>
<!-- Generated by org.testng.reporters.JUnitReportReporter -->
<testsuite hostname="DESKTOP-D4PN26L" failures="0" tests="1" name="a1" time="58.448" errors="0" timestamp="2022-01-26T13:18:45 IST" skipped="0">
  <testcase classname="a1" name="testleaf" time="58.448"/>
  <system-out/>
</testsuite> <!-- a1 -->
